# JRE version: Java(TM) SE Runtime Environment (8.0_241-b07) (build 1.8.0_241-b07)
# Java VM: Java HotSpot(TM) 64-Bit Server VM (25.241-b07 mixed mode windows-amd64 compressed oops)
Heap:
 PSYoungGen      total 187392K, used 68256K [0x00000000d5f00000, 0x00000000e4d80000, 0x0000000100000000)
  eden space 174592K, 33% used [0x00000000d5f00000,0x00000000d98a4758,0x00000000e0980000)
  from space 12800K, 72% used [0x00000000e0980000,0x00000000e1283c88,0x00000000e1600000)
  to   space 12800K, 0% used [0x00000000e4100000,0x00000000e4100000,0x00000000e4d80000)
 ParOldGen       total 88576K, used 14345K [0x0000000081c00000, 0x0000000087280000, 0x00000000d5f00000)
  object space 88576K, 16% used [0x0000000081c00000,0x0000000082a026f8,0x0000000087280000)
 Metaspace       used 39330K, capacity 41566K, committed 41856K, reserved 1085440K
  class space    used 5576K, capacity 5975K, committed 6016K, reserved 1048576K
GC Heap History (10 events):
Event: 3.931 GC heap before
{Heap before GC invocations=7 (full 1):
 PSYoungGen      total 71680K, used 66560K [0x00000000d5f00000, 0x00000000df100000, 0x0000000100000000)
  eden space 66560K, 100% used [0x00000000d5f00000,0x00000000da000000,0x00000000da000000)
  from space 5120K, 0% used [0x00000000da000000,0x00000000da000000,0x00000000da500000)
  to   space 8192K, 0% used [0x00000000de900000,0x00000000de900000,0x00000000df100000)
 ParOldGen       total 54272K, used 6679K [0x0000000081c00000, 0x0000000085100000, 0x00000000d5f00000)
  object space 54272K, 12% used [0x0000000081c00000,0x0000000082285d20,0x0000000085100000)
 Metaspace       used 22719K, capacity 24156K, committed 24448K, reserved 1071104K
  class space    used 3080K, capacity 3394K, committed 3456K, reserved 1048576K
Event: 3.940 GC heap after
Heap after GC invocations=7 (full 1):
 PSYoungGen      total 115200K, used 6032K [0x00000000d5f00000, 0x00000000def00000, 0x0000000100000000)
  eden space 109056K, 0% used [0x00000000d5f00000,0x00000000d5f00000,0x00000000dc980000)
  from space 6144K, 98% used [0x00000000de900000,0x00000000deee4078,0x00000000def00000)
  to   space 8192K, 0% used [0x00000000ddf00000,0x00000000ddf00000,0x00000000de700000)
 ParOldGen       total 54272K, used 6679K [0x0000000081c00000, 0x0000000085100000, 0x00000000d5f00000)
  object space 54272K, 12% used [0x0000000081c00000,0x0000000082285d20,0x0000000085100000)
 Metaspace       used 22719K, capacity 24156K, committed 24448K, reserved 1071104K
  class space    used 3080K, capacity 3394K, committed 3456K, reserved 1048576K
}
Event: 5.373 GC heap before
{Heap before GC invocations=8 (full 1):
 PSYoungGen      total 115200K, used 115088K [0x00000000d5f00000, 0x00000000def00000, 0x0000000100000000)
  eden space 109056K, 100% used [0x00000000d5f00000,0x00000000dc980000,0x00000000dc980000)
  from space 6144K, 98% used [0x00000000de900000,0x00000000deee4078,0x00000000def00000)
  to   space 8192K, 0% used [0x00000000ddf00000,0x00000000ddf00000,0x00000000de700000)
 ParOldGen       total 54272K, used 6679K [0x0000000081c00000, 0x0000000085100000, 0x00000000d5f00000)
  object space 54272K, 12% used [0x0000000081c00000,0x0000000082285d20,0x0000000085100000)
 Metaspace       used 28964K, capacity 30612K, committed 30848K, reserved 1075200K
  class space    used 3881K, capacity 4192K, committed 4224K, reserved 1048576K
Event: 5.388 GC heap after
Heap after GC invocations=8 (full 1):
 PSYoungGen      total 139264K, used 8169K [0x00000000d5f00000, 0x00000000e2180000, 0x0000000100000000)
  eden space 131072K, 0% used [0x00000000d5f00000,0x00000000d5f00000,0x00000000ddf00000)
  from space 8192K, 99% used [0x00000000ddf00000,0x00000000de6fa738,0x00000000de700000)
  to   space 11776K, 0% used [0x00000000e1600000,0x00000000e1600000,0x00000000e2180000)
 ParOldGen       total 54272K, used 12253K [0x0000000081c00000, 0x0000000085100000, 0x00000000d5f00000)
  object space 54272K, 22% used [0x0000000081c00000,0x00000000827f7420,0x0000000085100000)
 Metaspace       used 28964K, capacity 30612K, committed 30848K, reserved 1075200K
  class space    used 3881K, capacity 4192K, committed 4224K, reserved 1048576K
}
Event: 6.670 GC heap before
{Heap before GC invocations=9 (full 1):
 PSYoungGen      total 139264K, used 77180K [0x00000000d5f00000, 0x00000000e2180000, 0x0000000100000000)
  eden space 131072K, 52% used [0x00000000d5f00000,0x00000000da264c78,0x00000000ddf00000)
  from space 8192K, 99% used [0x00000000ddf00000,0x00000000de6fa738,0x00000000de700000)
  to   space 11776K, 0% used [0x00000000e1600000,0x00000000e1600000,0x00000000e2180000)
 ParOldGen       total 54272K, used 12253K [0x0000000081c00000, 0x0000000085100000, 0x00000000d5f00000)
  object space 54272K, 22% used [0x0000000081c00000,0x00000000827f7420,0x0000000085100000)
 Metaspace       used 33666K, capacity 35408K, committed 35416K, reserved 1079296K
  class space    used 4758K, capacity 5118K, committed 5120K, reserved 1048576K
Event: 6.695 GC heap after
Heap after GC invocations=9 (full 1):
 PSYoungGen      total 186368K, used 10298K [0x00000000d5f00000, 0x00000000e4780000, 0x0000000100000000)
  eden space 174592K, 0% used [0x00000000d5f00000,0x00000000d5f00000,0x00000000e0980000)
  from space 11776K, 87% used [0x00000000e1600000,0x00000000e200eb08,0x00000000e2180000)
  to   space 12800K, 0% used [0x00000000e0980000,0x00000000e0980000,0x00000000e1600000)
 ParOldGen       total 54272K, used 12253K [0x0000000081c00000, 0x0000000085100000, 0x00000000d5f00000)
  object space 54272K, 22% used [0x0000000081c00000,0x00000000827f7420,0x0000000085100000)
 Metaspace       used 33666K, capacity 35408K, committed 35416K, reserved 1079296K
  class space    used 4758K, capacity 5118K, committed 5120K, reserved 1048576K
}
Event: 6.695 GC heap before
{Heap before GC invocations=10 (full 2):
 PSYoungGen      total 186368K, used 10298K [0x00000000d5f00000, 0x00000000e4780000, 0x0000000100000000)
  eden space 174592K, 0% used [0x00000000d5f00000,0x00000000d5f00000,0x00000000e0980000)
  from space 11776K, 87% used [0x00000000e1600000,0x00000000e200eb08,0x00000000e2180000)
  to   space 12800K, 0% used [0x00000000e0980000,0x00000000e0980000,0x00000000e1600000)
 ParOldGen       total 54272K, used 12253K [0x0000000081c00000, 0x0000000085100000, 0x00000000d5f00000)
  object space 54272K, 22% used [0x0000000081c00000,0x00000000827f7420,0x0000000085100000)
 Metaspace       used 33666K, capacity 35408K, committed 35416K, reserved 1079296K
  class space    used 4758K, capacity 5118K, committed 5120K, reserved 1048576K
Event: 6.793 GC heap after
Heap after GC invocations=10 (full 2):
 PSYoungGen      total 186368K, used 0K [0x00000000d5f00000, 0x00000000e4780000, 0x0000000100000000)
  eden space 174592K, 0% used [0x00000000d5f00000,0x00000000d5f00000,0x00000000e0980000)
  from space 11776K, 0% used [0x00000000e1600000,0x00000000e1600000,0x00000000e2180000)
  to   space 12800K, 0% used [0x00000000e0980000,0x00000000e0980000,0x00000000e1600000)
 ParOldGen       total 88576K, used 14337K [0x0000000081c00000, 0x0000000087280000, 0x00000000d5f00000)
  object space 88576K, 16% used [0x0000000081c00000,0x0000000082a006f8,0x0000000087280000)
 Metaspace       used 33666K, capacity 35408K, committed 35416K, reserved 1079296K
  class space    used 4758K, capacity 5118K, committed 5120K, reserved 1048576K
}
Event: 9.538 GC heap before
{Heap before GC invocations=11 (full 2):
 PSYoungGen      total 186368K, used 174592K [0x00000000d5f00000, 0x00000000e4780000, 0x0000000100000000)
  eden space 174592K, 100% used [0x00000000d5f00000,0x00000000e0980000,0x00000000e0980000)
  from space 11776K, 0% used [0x00000000e1600000,0x00000000e1600000,0x00000000e2180000)
  to   space 12800K, 0% used [0x00000000e0980000,0x00000000e0980000,0x00000000e1600000)
 ParOldGen       total 88576K, used 14337K [0x0000000081c00000, 0x0000000087280000, 0x00000000d5f00000)
  object space 88576K, 16% used [0x0000000081c00000,0x0000000082a006f8,0x0000000087280000)
 Metaspace       used 38114K, capacity 40270K, committed 40448K, reserved 1083392K
  class space    used 5396K, capacity 5793K, committed 5888K, reserved 1048576K
Event: 9.551 GC heap after
Heap after GC invocations=11 (full 2):
 PSYoungGen      total 187392K, used 9231K [0x00000000d5f00000, 0x00000000e4d80000, 0x0000000100000000)
  eden space 174592K, 0% used [0x00000000d5f00000,0x00000000d5f00000,0x00000000e0980000)
  from space 12800K, 72% used [0x00000000e0980000,0x00000000e1283c88,0x00000000e1600000)
  to   space 12800K, 0% used [0x00000000e4100000,0x00000000e4100000,0x00000000e4d80000)
 ParOldGen       total 88576K, used 14345K [0x0000000081c00000, 0x0000000087280000, 0x00000000d5f00000)
  object space 88576K, 16% used [0x0000000081c00000,0x0000000082a026f8,0x0000000087280000)
 Metaspace       used 38114K, capacity 40270K, committed 40448K, reserved 1083392K
  class space    used 5396K, capacity 5793K, committed 5888K, reserved 1048576K
}

