# JRE version: Java(TM) SE Runtime Environment (8.0_241-b07) (build 1.8.0_241-b07)
# Java VM: Java HotSpot(TM) 64-Bit Server VM (25.241-b07 mixed mode windows-amd64 compressed oops)
Heap:
 PSYoungGen      total 233984K, used 211423K [0x00000000d5f00000, 0x00000000e5480000, 0x0000000100000000)
  eden space 220672K, 95% used [0x00000000d5f00000,0x00000000e2d77c10,0x00000000e3680000)
  from space 13312K, 0% used [0x00000000e4700000,0x00000000e4700000,0x00000000e5400000)
  to   space 15360K, 0% used [0x00000000e3680000,0x00000000e3680000,0x00000000e4580000)
 ParOldGen       total 88576K, used 18628K [0x0000000081c00000, 0x0000000087280000, 0x00000000d5f00000)
  object space 88576K, 21% used [0x0000000081c00000,0x0000000082e31268,0x0000000087280000)
 Metaspace       used 38553K, capacity 40725K, committed 40960K, reserved 1085440K
  class space    used 5465K, capacity 5873K, committed 5888K, reserved 1048576K
GC Heap History (10 events):
Event: 3.738 GC heap before
{Heap before GC invocations=4 (full 0):
 PSYoungGen      total 71680K, used 36284K [0x00000000d5f00000, 0x00000000deb00000, 0x0000000100000000)
  eden space 66560K, 46% used [0x00000000d5f00000,0x00000000d7d743a8,0x00000000da000000)
  from space 5120K, 99% used [0x00000000da000000,0x00000000da4faca8,0x00000000da500000)
  to   space 5120K, 0% used [0x00000000de600000,0x00000000de600000,0x00000000deb00000)
 ParOldGen       total 87552K, used 3740K [0x0000000081c00000, 0x0000000087180000, 0x00000000d5f00000)
  object space 87552K, 4% used [0x0000000081c00000,0x0000000081fa7148,0x0000000087180000)
 Metaspace       used 19792K, capacity 21189K, committed 21296K, reserved 1067008K
  class space    used 2663K, capacity 2944K, committed 2944K, reserved 1048576K
Event: 3.747 GC heap after
Heap after GC invocations=4 (full 0):
 PSYoungGen      total 138240K, used 5106K [0x00000000d5f00000, 0x00000000deb00000, 0x0000000100000000)
  eden space 133120K, 0% used [0x00000000d5f00000,0x00000000d5f00000,0x00000000de100000)
  from space 5120K, 99% used [0x00000000de600000,0x00000000deafc8b0,0x00000000deb00000)
  to   space 5120K, 0% used [0x00000000de100000,0x00000000de100000,0x00000000de600000)
 ParOldGen       total 87552K, used 5396K [0x0000000081c00000, 0x0000000087180000, 0x00000000d5f00000)
  object space 87552K, 6% used [0x0000000081c00000,0x00000000821452f8,0x0000000087180000)
 Metaspace       used 19792K, capacity 21189K, committed 21296K, reserved 1067008K
  class space    used 2663K, capacity 2944K, committed 2944K, reserved 1048576K
}
Event: 3.747 GC heap before
{Heap before GC invocations=5 (full 1):
 PSYoungGen      total 138240K, used 5106K [0x00000000d5f00000, 0x00000000deb00000, 0x0000000100000000)
  eden space 133120K, 0% used [0x00000000d5f00000,0x00000000d5f00000,0x00000000de100000)
  from space 5120K, 99% used [0x00000000de600000,0x00000000deafc8b0,0x00000000deb00000)
  to   space 5120K, 0% used [0x00000000de100000,0x00000000de100000,0x00000000de600000)
 ParOldGen       total 87552K, used 5396K [0x0000000081c00000, 0x0000000087180000, 0x00000000d5f00000)
  object space 87552K, 6% used [0x0000000081c00000,0x00000000821452f8,0x0000000087180000)
 Metaspace       used 19792K, capacity 21189K, committed 21296K, reserved 1067008K
  class space    used 2663K, capacity 2944K, committed 2944K, reserved 1048576K
Event: 3.781 GC heap after
Heap after GC invocations=5 (full 1):
 PSYoungGen      total 138240K, used 0K [0x00000000d5f00000, 0x00000000deb00000, 0x0000000100000000)
  eden space 133120K, 0% used [0x00000000d5f00000,0x00000000d5f00000,0x00000000de100000)
  from space 5120K, 0% used [0x00000000de600000,0x00000000de600000,0x00000000deb00000)
  to   space 5120K, 0% used [0x00000000de100000,0x00000000de100000,0x00000000de600000)
 ParOldGen       total 53760K, used 6605K [0x0000000081c00000, 0x0000000085080000, 0x00000000d5f00000)
  object space 53760K, 12% used [0x0000000081c00000,0x00000000822736c0,0x0000000085080000)
 Metaspace       used 19792K, capacity 21189K, committed 21296K, reserved 1067008K
  class space    used 2663K, capacity 2944K, committed 2944K, reserved 1048576K
}
Event: 5.035 GC heap before
{Heap before GC invocations=6 (full 1):
 PSYoungGen      total 138240K, used 133120K [0x00000000d5f00000, 0x00000000deb00000, 0x0000000100000000)
  eden space 133120K, 100% used [0x00000000d5f00000,0x00000000de100000,0x00000000de100000)
  from space 5120K, 0% used [0x00000000de600000,0x00000000de600000,0x00000000deb00000)
  to   space 5120K, 0% used [0x00000000de100000,0x00000000de100000,0x00000000de600000)
 ParOldGen       total 53760K, used 6605K [0x0000000081c00000, 0x0000000085080000, 0x00000000d5f00000)
  object space 53760K, 12% used [0x0000000081c00000,0x00000000822736c0,0x0000000085080000)
 Metaspace       used 26326K, capacity 27903K, committed 28032K, reserved 1073152K
  class space    used 3530K, capacity 3846K, committed 3968K, reserved 1048576K
Event: 5.057 GC heap after
Heap after GC invocations=6 (full 1):
 PSYoungGen      total 138240K, used 5119K [0x00000000d5f00000, 0x00000000e5400000, 0x0000000100000000)
  eden space 133120K, 0% used [0x00000000d5f00000,0x00000000d5f00000,0x00000000de100000)
  from space 5120K, 99% used [0x00000000de100000,0x00000000de5ffd68,0x00000000de600000)
  to   space 13312K, 0% used [0x00000000e4700000,0x00000000e4700000,0x00000000e5400000)
 ParOldGen       total 53760K, used 14567K [0x0000000081c00000, 0x0000000085080000, 0x00000000d5f00000)
  object space 53760K, 27% used [0x0000000081c00000,0x0000000082a39d48,0x0000000085080000)
 Metaspace       used 26326K, capacity 27903K, committed 28032K, reserved 1073152K
  class space    used 3530K, capacity 3846K, committed 3968K, reserved 1048576K
}
Event: 6.608 GC heap before
{Heap before GC invocations=7 (full 1):
 PSYoungGen      total 138240K, used 115466K [0x00000000d5f00000, 0x00000000e5400000, 0x0000000100000000)
  eden space 133120K, 82% used [0x00000000d5f00000,0x00000000dcac2b58,0x00000000de100000)
  from space 5120K, 99% used [0x00000000de100000,0x00000000de5ffd68,0x00000000de600000)
  to   space 13312K, 0% used [0x00000000e4700000,0x00000000e4700000,0x00000000e5400000)
 ParOldGen       total 53760K, used 14567K [0x0000000081c00000, 0x0000000085080000, 0x00000000d5f00000)
  object space 53760K, 27% used [0x0000000081c00000,0x0000000082a39d48,0x0000000085080000)
 Metaspace       used 33703K, capacity 35473K, committed 35496K, reserved 1079296K
  class space    used 4766K, capacity 5119K, committed 5120K, reserved 1048576K
Event: 6.625 GC heap after
Heap after GC invocations=7 (full 1):
 PSYoungGen      total 233984K, used 12613K [0x00000000d5f00000, 0x00000000e5480000, 0x0000000100000000)
  eden space 220672K, 0% used [0x00000000d5f00000,0x00000000d5f00000,0x00000000e3680000)
  from space 13312K, 94% used [0x00000000e4700000,0x00000000e5351728,0x00000000e5400000)
  to   space 15360K, 0% used [0x00000000e3680000,0x00000000e3680000,0x00000000e4580000)
 ParOldGen       total 53760K, used 14575K [0x0000000081c00000, 0x0000000085080000, 0x00000000d5f00000)
  object space 53760K, 27% used [0x0000000081c00000,0x0000000082a3bd48,0x0000000085080000)
 Metaspace       used 33703K, capacity 35473K, committed 35496K, reserved 1079296K
  class space    used 4766K, capacity 5119K, committed 5120K, reserved 1048576K
}
Event: 6.625 GC heap before
{Heap before GC invocations=8 (full 2):
 PSYoungGen      total 233984K, used 12613K [0x00000000d5f00000, 0x00000000e5480000, 0x0000000100000000)
  eden space 220672K, 0% used [0x00000000d5f00000,0x00000000d5f00000,0x00000000e3680000)
  from space 13312K, 94% used [0x00000000e4700000,0x00000000e5351728,0x00000000e5400000)
  to   space 15360K, 0% used [0x00000000e3680000,0x00000000e3680000,0x00000000e4580000)
 ParOldGen       total 53760K, used 14575K [0x0000000081c00000, 0x0000000085080000, 0x00000000d5f00000)
  object space 53760K, 27% used [0x0000000081c00000,0x0000000082a3bd48,0x0000000085080000)
 Metaspace       used 33703K, capacity 35473K, committed 35496K, reserved 1079296K
  class space    used 4766K, capacity 5119K, committed 5120K, reserved 1048576K
Event: 6.674 GC heap after
Heap after GC invocations=8 (full 2):
 PSYoungGen      total 233984K, used 0K [0x00000000d5f00000, 0x00000000e5480000, 0x0000000100000000)
  eden space 220672K, 0% used [0x00000000d5f00000,0x00000000d5f00000,0x00000000e3680000)
  from space 13312K, 0% used [0x00000000e4700000,0x00000000e4700000,0x00000000e5400000)
  to   space 15360K, 0% used [0x00000000e3680000,0x00000000e3680000,0x00000000e4580000)
 ParOldGen       total 88576K, used 18628K [0x0000000081c00000, 0x0000000087280000, 0x00000000d5f00000)
  object space 88576K, 21% used [0x0000000081c00000,0x0000000082e31268,0x0000000087280000)
 Metaspace       used 33703K, capacity 35473K, committed 35496K, reserved 1079296K
  class space    used 4766K, capacity 5119K, committed 5120K, reserved 1048576K
}

